/bin/bash: line 1: info:: command not found

------------------------------------------------------------
Sender: LSF System <lsfadmin@hpc.dtu.dk>
Subject: Job 23200361: <NONAME> in cluster <dcc> Exited

Job <NONAME> was submitted from host <gbarlogin1> by user <s242022> in cluster <dcc> at Mon Nov 18 20:42:31 2024
Job was executed on host(s) <n-62-31-5>, in queue <hpc>, as user <s242022> in cluster <dcc> at Mon Nov 18 20:42:32 2024
</zhome/9e/8/212358> was used as the home directory.
</zhome/9e/8/212358/Documents/DeepLearning> was used as the working directory.
Started at Mon Nov 18 20:42:32 2024
Terminated at Mon Nov 18 20:42:32 2024
Results reported at Mon Nov 18 20:42:32 2024

Your job looked like:

------------------------------------------------------------
# LSBATCH: User input
info: Add -R span[...] to your job script, to avoid this message!
------------------------------------------------------------

Exited with exit code 127.

Resource usage summary:

    CPU time :                                   0.45 sec.
    Max Memory :                                 -
    Average Memory :                             -
    Total Requested Memory :                     1024.00 MB
    Delta Memory :                               -
    Max Swap :                                   -
    Max Processes :                              -
    Max Threads :                                -
    Run time :                                   24 sec.
    Turnaround time :                            1 sec.

The output (if any) is above this job summary.

