Running script...

------------------------------------------------------------
Sender: LSF System <lsfadmin@hpc.dtu.dk>
Subject: Job 23209585: <Sweep_JARF> in cluster <dcc> Done

Job <Sweep_JARF> was submitted from host <n-62-20-1> by user <s232735> in cluster <dcc> at Tue Nov 19 14:31:51 2024
Job was executed on host(s) <4*n-62-12-24>, in queue <gpua100>, as user <s232735> in cluster <dcc> at Tue Nov 19 14:59:20 2024
</zhome/cf/5/202847> was used as the home directory.
</zhome/cf/5/202847/my_project_dir/DeepLearning97> was used as the working directory.
Started at Tue Nov 19 14:59:20 2024
Terminated at Tue Nov 19 15:03:05 2024
Results reported at Tue Nov 19 15:03:05 2024

Your job looked like:

------------------------------------------------------------
# LSBATCH: User input
#!/bin/sh
#BSUB -q gpua100
#BSUB -J Sweep_JARF
### number of core
#BSUB -n 4
### specify that all cores should be on the same host
#BSUB -gpu "num=1:mode=exclusive_process"
### specify the memory needed
#BSUB -R "rusage[mem=10GB]"
### Number of hours needed
#BSUB -W 71:59
### added outputs and errors to files
#BSUB -o outputs/Output_%J.out
#BSUB -e outputs/Error_%J.err

echo "Running script..."

module load cuda/11.8
module load python3/3.10.13
source ~/my_project_dir/02456_grp_99_venv/bin/activate
python3 ~/my_project_dir/DeepLearning97/scripts/modular_train_test.py > log/modular_train_test$(date +"%d-%m-%y")_$(date +'%H:%M:%S').log

------------------------------------------------------------

Successfully completed.

Resource usage summary:

    CPU time :                                   152.00 sec.
    Max Memory :                                 1141 MB
    Average Memory :                             790.00 MB
    Total Requested Memory :                     40960.00 MB
    Delta Memory :                               39819.00 MB
    Max Swap :                                   -
    Max Processes :                              7
    Max Threads :                                29
    Run time :                                   225 sec.
    Turnaround time :                            1874 sec.

The output (if any) is above this job summary.



PS:

Read file <outputs/Error_23209585.err> for stderr output of this job.

